2023-06-30 12:39:53,915 :: CRITICAL // views // Test of security message
2023-06-30 12:41:52,180 :: CRITICAL // views // Test of security message
2023-06-30 12:44:51,800 :: CRITICAL // views // Test of security message
NoneType: None
2023-06-30 12:51:47,416 :: CRITICAL // views // Test of security message
2023-07-03 14:32:42,696 :: CRITICAL // views // Test message
2023-07-03 14:32:42,697 :: INFO   // views // The values of x and y are 3 and 0.
2023-07-03 14:32:42,698 :: ERROR  // views // ZeroDivisionError
Traceback (most recent call last):
  File "/Users/wiseair/PycharmProjects/News_portal_NEW/NewsPaper/news/views.py", line 30, in log_view
    x / y
ZeroDivisionError: division by zero
2023-07-03 14:32:44,826 :: CRITICAL // views // Test message
2023-07-03 14:32:44,826 :: INFO   // views // The values of x and y are 3 and 0.
2023-07-03 14:32:44,826 :: ERROR  // views // ZeroDivisionError
Traceback (most recent call last):
  File "/Users/wiseair/PycharmProjects/News_portal_NEW/NewsPaper/news/views.py", line 30, in log_view
    x / y
ZeroDivisionError: division by zero
2023-07-03 14:59:17,356 :: WARNING // views // Test message
2023-07-03 14:59:17,356 :: INFO   // views // The values of x and y are 3 and 0.
2023-07-03 14:59:17,356 :: ERROR  // views // ZeroDivisionError
2023-07-12 15:02:37,589 :: ERROR  @@@ views @@@ Test message of error
2023-07-12 15:02:37,590 :: INFO   @@@ views @@@ The values of x and y are 3 and 0.
2023-07-12 15:02:37,590 :: ERROR  @@@ views @@@ ZeroDivisionError
2023-07-12 15:04:16,638 :: ERROR :: views ::Test message of error ::: None
2023-07-12 15:04:16,638 :: INFO :: views ::The values of x and y are 3 and 0. ::: None
2023-07-12 15:04:16,638 :: ERROR :: views ::ZeroDivisionError ::: None
2023-07-12 15:06:23,530 :: ERROR :: views ::Test message of error ::: 
2023-07-12 15:06:23,530 :: INFO :: views ::The values of x and y are 3 and 0. ::: 
2023-07-12 15:06:23,530 :: ERROR :: views ::ZeroDivisionError ::: 
2023-07-12 15:06:44,164 :: ERROR :: views ::Test message of error ::: 
2023-07-12 15:06:44,165 :: INFO :: views ::The values of x and y are 3 and 0. ::: 
2023-07-12 15:06:44,165 :: ERROR :: views ::ZeroDivisionError ::: 
2023-07-12 15:07:02,970 :: ERROR :: views ::Test message of error ::: 
2023-07-12 15:07:02,970 :: INFO :: views ::The values of x and y are 3 and 0. ::: 
2023-07-12 15:07:02,971 :: ERROR :: views ::ZeroDivisionError ::: 
Traceback (most recent call last):
  File "/Users/wiseair/PycharmProjects/News_portal_NEW/NewsPaper/news/views.py", line 40, in log_view
    x / y
ZeroDivisionError: division by zero
